loading buccal_cpg...
run from 0.0ms to 60000.0ms
in steps of 0.045ms
10 neurons to load
loading neuron B4...
3 channels to load
loading channel leak...
Ivd = G*(V --70.0)* fBR
G = 0.2
done loading leak at line 26
loading channel Na...
ssA = (1+e**((-51.0-V)/5.0)**-1.0
tA = (0.003-0.0009)*(1+e**((V--52.0)/2.0))**-1.0 + 0.0009
dA/dt = (ssA-A)/tA, A_init=-1.0
ssB = (1+e**((V--61.0)/9.0)**-1.0
tB = (0.02-0.0048)*(1+e**((V--48.0)/3.5))**-1.0 + 0.0048
dB/dt = (ssB-B)/tB, B_init=-1.0
Ivd = G*(V -50.0)* fBR
G = 7.5 * A**3.0 * B
done loading Na at line 55
loading channel K...
ssA = (1+e**((-35.5-V)/9.0)**-1.0
tA = (0.034-0.003)*(1+e**((V--23.0)/10.0))**-1.0 + 0.003
dA/dt = (ssA-A)/tA, A_init=-1.0
ssB = 0.15+(1-0.15)*(1+e**((V--26.4)/1.5)**-2.0
tB = (0.4-0.04)*(1+e**((V--33.0)/8.0))**-1.0 + 0.04
dB/dt = (ssB-B)/tB, B_init=-1.0
Ivd = G*(V --80.0)* fBR
G = 25.0 * A**4.0 * B
done loading K at line 84
done loading channels at line 83
done loading B4 at line 96
loading neuron B8...
3 channels to load
loading channel leak...
Ivd = G*(V --70.0)* fBR
G = 0.1
done loading leak at line 115
loading channel Na...
ssA = (1+e**((-49.0-V)/5.0)**-1.0
tA = (0.003-0.0009)*(1+e**((V--50.0)/2.0))**-1.0 + 0.0009
dA/dt = (ssA-A)/tA, A_init=-1.0
ssB = (1+e**((V--59.0)/9.0)**-1.0
tB = (0.02-0.0048)*(1+e**((V--46.0)/3.5))**-1.0 + 0.0048
dB/dt = (ssB-B)/tB, B_init=-1.0
Ivd = G*(V -50.0)* fBR
G = 7.5 * A**3.0 * B
done loading Na at line 144
loading channel K...
ssA = (1+e**((-33.5-V)/9.0)**-1.0
tA = (0.034-0.003)*(1+e**((V--20.0)/10.0))**-1.0 + 0.003
dA/dt = (ssA-A)/tA, A_init=-1.0
ssB = 0.15+(1-0.15)*(1+e**((V--24.4)/1.5)**-2.0
tB = (0.4-0.04)*(1+e**((V--31.0)/8.0))**-1.0 + 0.04
dB/dt = (ssB-B)/tB, B_init=-1.0
Ivd = G*(V --80.0)* fBR
G = 25.0 * A**4.0 * B
done loading K at line 173
done loading channels at line 172
done loading B8 at line 185
loading neuron B31...
2 channels to load
loading channel leak...
Ivd = G*(V --60.0)* fBR
G = 0.1
done loading leak at line 204
loading channel Na...
ssA = (1+e**((-45.0-V)/1.0)**-1.0
dA/dt = (ssA-A)/tA, A_init=-1.0
Ivd = G*(V -30.0)* fBR
G = 0.09 * A**1.0
done loading Na at line 223
done loading channels at line 222
done loading B31 at line 235
loading neuron B34...
4 channels to load
loading channel leak...
Ivd = G*(V --60.0)* fBR
G = 0.1
done loading leak at line 254
loading channel Na...
ssA = (1+e**((-39.0-V)/5.0)**-1.0
tA = (0.003-0.0009)*(1+e**((V--40.0)/2.0))**-1.0 + 0.0009
dA/dt = (ssA-A)/tA, A_init=-1.0
ssB = (1+e**((V--49.0)/9.0)**-1.0
tB = (0.02-0.0048)*(1+e**((V--36.0)/3.5))**-1.0 + 0.0048
dB/dt = (ssB-B)/tB, B_init=-1.0
Ivd = G*(V -50.0)* fBR
G = 7.5 * A**3.0 * B
done loading Na at line 283
loading channel K...
ssA = (1+e**((-23.5-V)/9.0)**-1.0
tA = (0.034-0.003)*(1+e**((V--10.0)/10.0))**-1.0 + 0.003
dA/dt = (ssA-A)/tA, A_init=-1.0
ssB = 0.15+(1-0.15)*(1+e**((V--14.4)/1.5)**-2.0
tB = (0.4-0.04)*(1+e**((V--21.0)/8.0))**-1.0 + 0.04
dB/dt = (ssB-B)/tB, B_init=-1.0
Ivd = G*(V --70.0)* fBR
G = 25.0 * A**4.0 * B
done loading K at line 312
loading channel K_A...
ssA = (1+e**((-55.0-V)/1.0)**-1.0
dA/dt = (ssA-A)/tA, A_init=-1.0
ssB = (1+e**((V--50.0)/4.0)**-1.0
dB/dt = (ssB-B)/tB, B_init=-1.0
Ivd = G*(V --70.0)* fBR
G = 0.1 * A**2.0 * B
done loading K_A at line 341
done loading channels at line 340
done loading B34 at line 353
loading neuron B35...
4 channels to load
loading channel leak...
Ivd = G*(V --60.0)* fBR
G = 0.1
done loading leak at line 372
loading channel Na...
ssA = (1+e**((-39.0-V)/5.0)**-1.0
tA = (0.003-0.0009)*(1+e**((V--40.0)/2.0))**-1.0 + 0.0009
dA/dt = (ssA-A)/tA, A_init=-1.0
ssB = (1+e**((V--49.0)/9.0)**-1.0
tB = (0.02-0.0048)*(1+e**((V--36.0)/3.5))**-1.0 + 0.0048
dB/dt = (ssB-B)/tB, B_init=-1.0
Ivd = G*(V -50.0)* fBR
G = 7.5 * A**3.0 * B
done loading Na at line 401
loading channel Na_pp...
ssA = (1+e**((-48.0-V)/2.5)**-1.0
dA/dt = (ssA-A)/tA, A_init=-1.0
ssB = (1+e**((V--48.0)/0.5)**-1.0
dB/dt = (ssB-B)/tB, B_init=-1.0
Ivd = G*(V --28.0)* fBR
G = 0.12 * A**1.0 * B
done loading Na_pp at line 430
loading channel K...
ssA = (1+e**((-23.5-V)/9.0)**-1.0
tA = (0.034-0.003)*(1+e**((V--10.0)/10.0))**-1.0 + 0.003
dA/dt = (ssA-A)/tA, A_init=-1.0
ssB = 0.15+(1-0.15)*(1+e**((V--14.4)/1.5)**-2.0
tB = (0.4-0.04)*(1+e**((V--21.0)/8.0))**-1.0 + 0.04
dB/dt = (ssB-B)/tB, B_init=-1.0
Ivd = G*(V --70.0)* fBR
G = 25.0 * A**4.0 * B
done loading K at line 459
done loading channels at line 458
done loading B35 at line 471
loading neuron B51...
5 channels to load
loading channel leak...
Ivd = G*(V --70.0)* fBR
G = 0.1
done loading leak at line 490
loading channel Na...
ssA = (1+e**((-49.0-V)/5.0)**-1.0
tA = (0.003-0.0009)*(1+e**((V--50.0)/2.0))**-1.0 + 0.0009
dA/dt = (ssA-A)/tA, A_init=-1.0
ssB = (1+e**((V--59.0)/9.0)**-1.0
tB = (0.02-0.0048)*(1+e**((V--46.0)/3.5))**-1.0 + 0.0048
dB/dt = (ssB-B)/tB, B_init=-1.0
Ivd = G*(V -50.0)* fBR
G = 7.5 * A**3.0 * B
done loading Na at line 519
loading channel Na_pp...
ssA = (1+e**((-50.0-V)/1.0)**-1.0
dA/dt = (ssA-A)/tA, A_init=-1.0
Ivd = G*(V -30.0)* fBR
G = 0.09 * A**1.0
done loading Na_pp at line 538
loading channel K...
ssA = (1+e**((-33.5-V)/9.0)**-1.0
tA = (0.034-0.003)*(1+e**((V--20.0)/10.0))**-1.0 + 0.003
dA/dt = (ssA-A)/tA, A_init=-1.0
ssB = 0.15+(1-0.15)*(1+e**((V--24.4)/1.5)**-2.0
tB = (0.4-0.04)*(1+e**((V--31.0)/8.0))**-1.0 + 0.04
dB/dt = (ssB-B)/tB, B_init=-1.0
Ivd = G*(V --80.0)* fBR
G = 25.0 * A**4.0 * B
done loading K at line 567
loading channel K_pp...
ssA = (1+e**((-50.0-V)/1.0)**-1.0
dA/dt = (ssA-A)/tA, A_init=-1.0
Ivd = G*(V --80.0)* fBR
G = 0.4 * A**1.0
done loading K_pp at line 586
done loading channels at line 585
done loading B51 at line 598
loading neuron B52...
4 channels to load
loading channel leak...
Ivd = G*(V --60.0)* fBR
G = 0.1
done loading leak at line 617
loading channel Na...
ssA = (1+e**((-39.0-V)/5.0)**-1.0
tA = (0.003-0.0009)*(1+e**((V--40.0)/2.0))**-1.0 + 0.0009
dA/dt = (ssA-A)/tA, A_init=-1.0
ssB = (1+e**((V--49.0)/9.0)**-1.0
tB = (0.02-0.0048)*(1+e**((V--36.0)/3.5))**-1.0 + 0.0048
dB/dt = (ssB-B)/tB, B_init=-1.0
Ivd = G*(V -50.0)* fBR
G = 7.5 * A**3.0 * B
done loading Na at line 646
loading channel K...
ssA = (1+e**((-23.5-V)/9.0)**-1.0
tA = (0.034-0.003)*(1+e**((V--20.0)/10.0))**-1.0 + 0.003
dA/dt = (ssA-A)/tA, A_init=-1.0
ssB = 0.15+(1-0.15)*(1+e**((V--14.4)/1.5)**-2.0
tB = (0.4-0.04)*(1+e**((V--21.0)/8.0))**-1.0 + 0.04
dB/dt = (ssB-B)/tB, B_init=-1.0
Ivd = G*(V --70.0)* fBR
G = 25.0 * A**4.0 * B
done loading K at line 675
loading channel Na_rb...
ssA = (1+e**((-63.0-V)/-1.0)**-3.0
dA/dt = (ssA-A)/tA, A_init=-1.0
Ivd = G*(V --30.0)* fBR
G = 0.11 * A**1.0
done loading Na_rb at line 694
done loading channels at line 693
done loading B52 at line 706
loading neuron B63...
3 channels to load
loading channel leak...
Ivd = G*(V --60.0)* fBR
G = 0.1
done loading leak at line 725
loading channel Na...
ssA = (1+e**((-39.0-V)/5.0)**-1.0
tA = (0.003-0.0009)*(1+e**((V--40.0)/2.0))**-1.0 + 0.0009
dA/dt = (ssA-A)/tA, A_init=-1.0
ssB = (1+e**((V--49.0)/9.0)**-1.0
tB = (0.02-0.0048)*(1+e**((V--36.0)/3.5))**-1.0 + 0.0048
dB/dt = (ssB-B)/tB, B_init=-1.0
Ivd = G*(V -50.0)* fBR
G = 7.5 * A**3.0 * B
done loading Na at line 754
loading channel K...
ssA = (1+e**((-23.5-V)/9.0)**-1.0
tA = (0.05-0.003)*(1+e**((V--10.0)/10.0))**-1.0 + 0.003
dA/dt = (ssA-A)/tA, A_init=-1.0
Ivd = G*(V --70.0)* fBR
G = 40.0 * A**4.0
done loading K at line 773
done loading channels at line 772
done loading B63 at line 785
loading neuron B64...
5 channels to load
loading channel leak...
Ivd = G*(V --70.0)* fBR
G = 0.1
done loading leak at line 804
loading channel Na...
ssA = (1+e**((-49.0-V)/5.0)**-1.0
tA = (0.003-0.0009)*(1+e**((V--50.0)/2.0))**-1.0 + 0.0009
dA/dt = (ssA-A)/tA, A_init=-1.0
ssB = (1+e**((V--59.0)/9.0)**-1.0
tB = (0.02-0.0048)*(1+e**((V--46.0)/3.5))**-1.0 + 0.0048
dB/dt = (ssB-B)/tB, B_init=-1.0
Ivd = G*(V -50.0)* fBR
G = 7.5 * A**3.0 * B
done loading Na at line 833
loading channel Na_pp...
ssA = (1+e**((-60.0-V)/1.0)**-1.0
dA/dt = (ssA-A)/tA, A_init=-1.0
Ivd = G*(V -50.0)* fBR
G = 0.1 * A**1.0
done loading Na_pp at line 852
loading channel K_pp...
ssA = (1+e**((-50.0-V)/1.0)**-1.0
dA/dt = (ssA-A)/tA, A_init=-1.0
Ivd = G*(V --80.0)* fBR
G = 0.6 * A**1.0
done loading K_pp at line 871
loading channel K...
ssA = (1+e**((-33.5-V)/9.0)**-1.0
tA = (0.034-0.003)*(1+e**((V--20.0)/10.0))**-1.0 + 0.003
dA/dt = (ssA-A)/tA, A_init=-1.0
Ivd = G*(V --80.0)* fBR
G = 40.0 * A**4.0
done loading K at line 890
done loading channels at line 889
done loading B64 at line 902
loading neuron Z...
4 channels to load
loading channel leak...
Ivd = G*(V --60.0)* fBR
G = 0.1
done loading leak at line 921
loading channel Na...
ssA = (1+e**((-39.0-V)/5.0)**-1.0
tA = (0.003-0.0009)*(1+e**((V--40.0)/2.0))**-1.0 + 0.0009
dA/dt = (ssA-A)/tA, A_init=-1.0
ssB = (1+e**((V--49.0)/9.0)**-1.0
tB = (0.02-0.0048)*(1+e**((V--36.0)/3.5))**-1.0 + 0.0048
dB/dt = (ssB-B)/tB, B_init=-1.0
Ivd = G*(V -50.0)* fBR
G = 7.5 * A**3.0 * B
done loading Na at line 950
loading channel Na_pp...
ssA = (1+e**((-48.0-V)/0.5)**-1.0
dA/dt = (ssA-A)/tA, A_init=-1.0
ssB = (1+e**((V--48.0)/0.5)**-1.0
dB/dt = (ssB-B)/tB, B_init=-1.0
Ivd = G*(V --28.0)* fBR
G = 0.16 * A**3.0 * B
done loading Na_pp at line 979
loading channel K...
ssA = (1+e**((-23.5-V)/9.0)**-1.0
tA = (0.034-0.003)*(1+e**((V--10.0)/10.0))**-1.0 + 0.003
dA/dt = (ssA-A)/tA, A_init=-1.0
ssB = 0.15+(1-0.15)*(1+e**((V--14.4)/1.5)**-2.0
tB = (0.4-0.04)*(1+e**((V--21.0)/8.0))**-1.0 + 0.04
dB/dt = (ssB-B)/tB, B_init=-1.0
Ivd = G*(V --70.0)* fBR
G = 25.0 * A**4.0 * B
done loading K at line 1008
done loading channels at line 1007
done loading Z at line 1020
done loading neurons at line 1020
4 electrical synapses to load
loading electrical synapse 0...
from neuron num: 0 name: B4
to neuron num: 5 name: B51
Ies(1) = 0.01*(V1-V2)
Ies(2) = 0.01*(V2-V1)
done loading electrical synapse 0 at line 1031
40 chemical synapses to load
loading chemical synapse 0...
from neuron num: 1 name: B8
to neuron num: 0 name: B4
Xt = 1 when pre spiking, 0 when not
(d**2 At)/dt**2 = (Xt-2*0.01*dAt/dt -At)/0.01**2
fAt = At
Ics = G*(V - -80.0)
G = 1.0*fAt
done loading chemical synapse 0 at line 1072
loading chemical synapse 1...
from neuron num: 2 name: B31
to neuron num: 0 name: B4
Xt = 1 when pre spiking, 0 when not
(d**2 At)/dt**2 = (Xt-2*0.03*dAt/dt -At)/0.03**2
fAt = At
Ics = G*(V - -10.0)
G = 0.15*fAt
done loading chemical synapse 1 at line 1094
loading chemical synapse 2...
from neuron num: 5 name: B51
to neuron num: 0 name: B4
Xt = 1 when pre spiking, 0 when not
(d**2 At)/dt**2 = (Xt-2*0.01*dAt/dt -At)/0.01**2
fAt = At
Ics = G*(V - -80.0)
G = 3.0*fAt
done loading chemical synapse 2 at line 1116
loading chemical synapse 3...
from neuron num: 6 name: B52
to neuron num: 0 name: B4
Xt = 1 when pre spiking, 0 when not
(d**2 At)/dt**2 = (Xt-2*0.005*dAt/dt -At)/0.005**2
fAt = At
Ics = G*(V - -70.0)
G = 5.0*fAt
done loading chemical synapse 3 at line 1138
loading chemical synapse 4...
from neuron num: 8 name: B64
to neuron num: 0 name: B4
Xt = 1 when pre spiking, 0 when not
(d**2 At)/dt**2 = (Xt-2*0.01*dAt/dt -At)/0.01**2
fAt = At
Ics = G*(V - -80.0)
G = 0.3*fAt
done loading chemical synapse 4 at line 1160
loading chemical synapse 5...
from neuron num: 1 name: B8
to neuron num: 3 name: B34
Xt = 1 when pre spiking, 0 when not
(d**2 At)/dt**2 = (Xt-2*0.001*dAt/dt -At)/0.001**2
fAt = At
Ics = G*(V - -80.0)
G = 0.06*fAt
done loading chemical synapse 5 at line 1182
loading chemical synapse 6...
from neuron num: 1 name: B8
to neuron num: 3 name: B34
Xt = 1 when pre spiking, 0 when not
(d**2 At)/dt**2 = (Xt-2*0.3*dAt/dt -At)/0.3**2
fAt = At
Ics = G*(V - -85.0)
G = -1.3*fAt
done loading chemical synapse 6 at line 1204
loading chemical synapse 7...
from neuron num: 2 name: B31
to neuron num: 3 name: B34
dPSM/dt = -PSM/-0.011 when pre spiking, (1-PSM)/0.23 when not
Xt = PSM when pre spiking, 0 when not
(d**2 At)/dt**2 = (Xt-2*0.01*dAt/dt -At)/0.01**2
fAt = At
Ics = G*(V - -10.0)
G = 0.1*fAt
done loading chemical synapse 7 at line 1226
loading chemical synapse 8...
from neuron num: 7 name: B63
to neuron num: 3 name: B34
Xt = 1 when pre spiking, 0 when not
(d**2 At)/dt**2 = (Xt-2*0.01*dAt/dt -At)/0.01**2
fAt = At
Ics = G*(V - -10.0)
G = 0.03*fAt
done loading chemical synapse 8 at line 1248
loading chemical synapse 9...
from neuron num: 8 name: B64
to neuron num: 3 name: B34
dPSM/dt = -PSM/-0.02 when pre spiking, (1-PSM)/0.1 when not
Xt = PSM when pre spiking, 0 when not
(d**2 At)/dt**2 = (Xt-2*0.001*dAt/dt -At)/0.001**2
fAt = At
Ics = G*(V - -80.0)
G = 0.03*fAt
done loading chemical synapse 9 at line 1270
loading chemical synapse 10...
from neuron num: 0 name: B4
to neuron num: 4 name: B35
dPSM/dt = -PSM/0.01 when pre spiking, (1-PSM)/0.1 when not
Xt = PSM when pre spiking, 0 when not
(d**2 At)/dt**2 = (Xt-2*0.001*dAt/dt -At)/0.001**2
fAt = At
Ics = G*(V - -10.0)
G = 0.14*fAt
done loading chemical synapse 10 at line 1292
loading chemical synapse 11...
from neuron num: 0 name: B4
to neuron num: 4 name: B35
Xt = 1 when pre spiking, 0 when not
(d**2 At)/dt**2 = (Xt-2*0.8*dAt/dt -At)/0.8**2
fAt = At
Ics = G*(V - -10.0)
G = 0.3*fAt
done loading chemical synapse 11 at line 1314
loading chemical synapse 12...
from neuron num: 2 name: B31
to neuron num: 4 name: B35
dPSM/dt = -PSM/-0.014 when pre spiking, (1-PSM)/0.2 when not
Xt = PSM when pre spiking, 0 when not
(d**2 At)/dt**2 = (Xt-2*0.01*dAt/dt -At)/0.01**2
fAt = At
Ics = G*(V - -10.0)
G = 0.08*fAt
done loading chemical synapse 12 at line 1336
loading chemical synapse 13...
from neuron num: 5 name: B51
to neuron num: 4 name: B35
Xt = 1 when pre spiking, 0 when not
(d**2 At)/dt**2 = (Xt-2*0.001*dAt/dt -At)/0.001**2
fAt = At
Ics = G*(V - -80.0)
G = 0.1*fAt
done loading chemical synapse 13 at line 1358
loading chemical synapse 14...
from neuron num: 5 name: B51
to neuron num: 4 name: B35
Xt = 1 when pre spiking, 0 when not
(d**2 At)/dt**2 = (Xt-2*0.4*dAt/dt -At)/0.4**2
fAt = At
Ics = G*(V - -80.0)
G = 0.56*fAt
done loading chemical synapse 14 at line 1380
loading chemical synapse 15...
from neuron num: 6 name: B52
to neuron num: 4 name: B35
dPSM/dt = -PSM/0.009 when pre spiking, (1-PSM)/0.06 when not
Xt = PSM when pre spiking, 0 when not
(d**2 At)/dt**2 = (Xt-2*0.001*dAt/dt -At)/0.001**2
fAt = At
Ics = G*(V - -10.0)
G = 0.09*fAt
done loading chemical synapse 15 at line 1402
loading chemical synapse 16...
from neuron num: 6 name: B52
to neuron num: 4 name: B35
Xt = 1 when pre spiking, 0 when not
(d**2 At)/dt**2 = (Xt-2*0.5*dAt/dt -At)/0.5**2
fAt = At
Ics = G*(V - -10.0)
G = 0.26*fAt
done loading chemical synapse 16 at line 1424
loading chemical synapse 17...
from neuron num: 1 name: B8
to neuron num: 5 name: B51
dPSM/dt = -PSM/-0.01 when pre spiking, (1-PSM)/0.08 when not
Xt = PSM when pre spiking, 0 when not
(d**2 At)/dt**2 = (Xt-2*0.005*dAt/dt -At)/0.005**2
fAt = At
Ics = G*(V - -10.0)
G = 0.1*fAt
done loading chemical synapse 17 at line 1446
loading chemical synapse 18...
from neuron num: 6 name: B52
to neuron num: 5 name: B51
Xt = 1 when pre spiking, 0 when not
(d**2 At)/dt**2 = (Xt-2*0.05*dAt/dt -At)/0.05**2
fAt = At
Ics = G*(V - -70.0)
G = 3.2*fAt
done loading chemical synapse 18 at line 1468
loading chemical synapse 19...
from neuron num: 6 name: B52
to neuron num: 5 name: B51
dPSM/dt = -PSM/0.02 when pre spiking, (1-PSM)/0.09 when not
Xt = PSM when pre spiking, 0 when not
(d**2 At)/dt**2 = (Xt-2*0.002*dAt/dt -At)/0.002**2
fAt = At
Ics = G*(V - -70.0)
G = 0.7*fAt
done loading chemical synapse 19 at line 1490
loading chemical synapse 20...
from neuron num: 8 name: B64
to neuron num: 5 name: B51
Xt = 1 when pre spiking, 0 when not
(d**2 At)/dt**2 = (Xt-2*0.005*dAt/dt -At)/0.005**2
fAt = At
Ics = G*(V - -10.0)
G = 0.05*fAt
done loading chemical synapse 20 at line 1512
loading chemical synapse 21...
from neuron num: 9 name: Z
to neuron num: 6 name: B52
Xt = 1 when pre spiking, 0 when not
(d**2 At)/dt**2 = (Xt-2*0.01*dAt/dt -At)/0.01**2
fAt = At
Ics = G*(V - -70.0)
G = 0.06*fAt
done loading chemical synapse 21 at line 1534
loading chemical synapse 22...
from neuron num: 0 name: B4
to neuron num: 6 name: B52
Xt = 1 when pre spiking, 0 when not
(d**2 At)/dt**2 = (Xt-2*0.04*dAt/dt -At)/0.04**2
fAt = At
Ics = G*(V - -80.0)
G = 1.5*fAt
done loading chemical synapse 22 at line 1556
loading chemical synapse 23...
from neuron num: 1 name: B8
to neuron num: 6 name: B52
Xt = 1 when pre spiking, 0 when not
(d**2 At)/dt**2 = (Xt-2*0.005*dAt/dt -At)/0.005**2
fAt = At
Ics = G*(V - -80.0)
G = 0.8*fAt
done loading chemical synapse 23 at line 1578
loading chemical synapse 24...
from neuron num: 4 name: B35
to neuron num: 6 name: B52
dPSM/dt = -PSM/-0.03 when pre spiking, (1-PSM)/0.4 when not
Xt = PSM when pre spiking, 0 when not
(d**2 At)/dt**2 = (Xt-2*0.001*dAt/dt -At)/0.001**2
fAt = At
Ics = G*(V - -70.0)
G = 0.035*fAt
done loading chemical synapse 24 at line 1600
loading chemical synapse 25...
from neuron num: 5 name: B51
to neuron num: 6 name: B52
Xt = 1 when pre spiking, 0 when not
(d**2 At)/dt**2 = (Xt-2*0.001*dAt/dt -At)/0.001**2
fAt = At
Ics = G*(V - -80.0)
G = 0.5*fAt
done loading chemical synapse 25 at line 1622
loading chemical synapse 26...
from neuron num: 5 name: B51
to neuron num: 6 name: B52
dPSM/dt = -PSM/-0.04 when pre spiking, (1-PSM)/1.0 when not
Xt = PSM when pre spiking, 0 when not
(d**2 At)/dt**2 = (Xt-2*0.05*dAt/dt -At)/0.05**2
fAt = At
Ics = G*(V - -80.0)
G = 1.5*fAt
done loading chemical synapse 26 at line 1644
loading chemical synapse 27...
from neuron num: 8 name: B64
to neuron num: 6 name: B52
Xt = 1 when pre spiking, 0 when not
(d**2 At)/dt**2 = (Xt-2*0.02*dAt/dt -At)/0.02**2
fAt = At
Ics = G*(V - -80.0)
G = 6.0*fAt
done loading chemical synapse 27 at line 1666
loading chemical synapse 28...
from neuron num: 1 name: B8
to neuron num: 7 name: B63
Xt = 1 when pre spiking, 0 when not
(d**2 At)/dt**2 = (Xt-2*0.001*dAt/dt -At)/0.001**2
fAt = At
Ics = G*(V - -80.0)
G = 0.03*fAt
done loading chemical synapse 28 at line 1688
loading chemical synapse 29...
from neuron num: 2 name: B31
to neuron num: 7 name: B63
dPSM/dt = -PSM/-0.02 when pre spiking, (1-PSM)/0.25 when not
Xt = PSM when pre spiking, 0 when not
(d**2 At)/dt**2 = (Xt-2*0.01*dAt/dt -At)/0.01**2
fAt = At
Ics = G*(V - -10.0)
G = 0.25*fAt
done loading chemical synapse 29 at line 1710
loading chemical synapse 30...
from neuron num: 3 name: B34
to neuron num: 7 name: B63
Xt = 1 when pre spiking, 0 when not
(d**2 At)/dt**2 = (Xt-2*0.02*dAt/dt -At)/0.02**2
fAt = At
Ics = G*(V - -10.0)
G = 1.0*fAt
done loading chemical synapse 30 at line 1732
loading chemical synapse 31...
from neuron num: 8 name: B64
to neuron num: 7 name: B63
dPSM/dt = -PSM/-0.01 when pre spiking, (1-PSM)/0.05 when not
Xt = PSM when pre spiking, 0 when not
(d**2 At)/dt**2 = (Xt-2*0.01*dAt/dt -At)/0.01**2
fAt = At
Ics = G*(V - -80.0)
G = 0.02*fAt
done loading chemical synapse 31 at line 1754
loading chemical synapse 32...
from neuron num: 9 name: Z
to neuron num: 7 name: B63
Xt = 1 when pre spiking, 0 when not
(d**2 At)/dt**2 = (Xt-2*1.0*dAt/dt -At)/1.0**2
fAt = At
Ics = G*(V - -10.0)
G = 0.7*fAt
done loading chemical synapse 32 at line 1776
loading chemical synapse 33...
from neuron num: 0 name: B4
to neuron num: 8 name: B64
Xt = 1 when pre spiking, 0 when not
(d**2 At)/dt**2 = (Xt-2*0.01*dAt/dt -At)/0.01**2
fAt = At
Ics = G*(V - -10.0)
G = 0.35*fAt
done loading chemical synapse 33 at line 1798
loading chemical synapse 34...
from neuron num: 2 name: B31
to neuron num: 8 name: B64
Xt = 1 when pre spiking, 0 when not
(d**2 At)/dt**2 = (Xt-2*0.02*dAt/dt -At)/0.02**2
fAt = At
Ics = G*(V - -70.0)
G = 5.0*fAt
done loading chemical synapse 34 at line 1820
loading chemical synapse 35...
from neuron num: 3 name: B34
to neuron num: 8 name: B64
Xt = 1 when pre spiking, 0 when not
(d**2 At)/dt**2 = (Xt-2*0.02*dAt/dt -At)/0.02**2
fAt = At
Ics = G*(V - -70.0)
G = 5.0*fAt
done loading chemical synapse 35 at line 1842
loading chemical synapse 36...
from neuron num: 4 name: B35
to neuron num: 8 name: B64
Xt = 1 when pre spiking, 0 when not
(d**2 At)/dt**2 = (Xt-2*0.02*dAt/dt -At)/0.02**2
fAt = At
Ics = G*(V - -70.0)
G = 5.0*fAt
done loading chemical synapse 36 at line 1864
loading chemical synapse 37...
from neuron num: 6 name: B52
to neuron num: 8 name: B64
Xt = 1 when pre spiking, 0 when not
(d**2 At)/dt**2 = (Xt-2*0.005*dAt/dt -At)/0.005**2
fAt = At
Ics = G*(V - -70.0)
G = 5.0*fAt
done loading chemical synapse 37 at line 1886
loading chemical synapse 38...
from neuron num: 7 name: B63
to neuron num: 8 name: B64
Xt = 1 when pre spiking, 0 when not
(d**2 At)/dt**2 = (Xt-2*0.02*dAt/dt -At)/0.02**2
fAt = At
Ics = G*(V - -70.0)
G = 5.0*fAt
done loading chemical synapse 38 at line 1908
loading chemical synapse 39...
from neuron num: 8 name: B64
to neuron num: 9 name: Z
Xt = 1 when pre spiking, 0 when not
(d**2 At)/dt**2 = (Xt-2*0.5*dAt/dt -At)/0.5**2
fAt = At
Ics = G*(V - -10.0)
G = 3.5*fAt
done loading chemical synapse 39 at line 1930
done loading chemical synapses at line 1929
1 current injection
current injection to B63
start at 2.0 ms
stop at 3.0 ms
amplitude of 2.0 nA
done loading buccal_cpg at line 2115
