building NEURON simulation...
building neurons...
building pre...
nseg:1
cm:0.004
diam:1.0
L:31831000.0
adding leak
g: 6e-08
e: -60.0
adding Na
e: 50.0
gmax: 7.5
p: 3.0
hA: -40.1
sA: 4.8
tauAmin: 0.45
htauA: -30.7
stauA: 1.85
tauAmax: 1.5
hB: -49.5
sB: 9.2
pB: 1.0
Bmin: 0.0
tauBmin: 2.4
htauB: -37.2
stauB: 3.5
tauBmax: 10.0
Ainit: -1.0
Binit: -1.0
adding K
e: -80.0
gmax: 12.0
p: 4.0
hA: -24.4
sA: 8.8
tauAmin: 2.16
htauA: -22.0
stauA: 11.7
htauA2: -49.0
stauA2: -11.2
ptauA2: 1.0
tauAmax: 27.0
hB: -14.4
sB: 1.5
pB: 2.0
Bmin: 0.15
tauBmin: 20.0
htauB: -22.0
stauB: 8.3
tauBmax: 200.0
Ainit: -1.0
Binit: -1.0
done building pre.
building post...
nseg:1
cm:0.004
diam:1.0
L:31831000.0
adding leak
g: 2e-07
e: -60.0
done building post.
building 1chemical synapses...
adding chemical synapse from neuron post to pre
e: -80.0
g: 0.5
dur: 3.0
taucs: 5.0
building electrical synapses as linearmechanism...
injection to pre 0
amplitude 15.0
injection to pre 0
amplitude 15.0
set __nrnsec_0000000011e8d370 initial voltage to -60.0
set __nrnsec_0000000011e8d3d0 initial voltage to -60.0
initializing...
Changed dt
